2024-10-12T17:28:27.014Z info: Request URL: /api/users/signin | Request Body: {"emailId":"mafiaop312@gmail.com","password":"mayurmadankar"}
2024-10-12T17:30:30.632Z info: Request URL: /api/posts | Request Body: {}
2024-10-12T17:30:43.506Z info: Request URL: /api/posts | Request Body: {}
2024-10-12T17:31:38.681Z info: Request URL: /api/likes/670ab24340f95c2c0d0cf58e | Request Body: {}
2024-10-12T17:36:58.038Z info: Request URL: /api/likes/670ab24340f95c2c0d0cf58e | Request Body: {}
2024-10-12T17:37:35.918Z info: Request URL: /api/likes/670ab24340f95c2c0d0cf58e | Request Body: {}
2024-10-12T17:38:24.818Z info: Request URL: /api/likes/670ab24340f95c2c0d0cf58e | Request Body: {}
2024-10-12T17:38:54.400Z info: Request URL: /api/likes/670ab24340f95c2c0d0cf58e | Request Body: {}
2024-10-12T17:39:58.914Z info: Request URL: /api/likes/670ab24340f95c2c0d0cf58e | Request Body: {}
2024-10-12T17:41:08.530Z info: Request URL: /api/likes/670ab24340f95c2c0d0cf58e | Request Body: {}
2024-10-12T17:45:07.007Z info: Request URL: /api/likes/670ab24340f95c2c0d0cf58e | Request Body: {}
2024-10-12T17:45:32.653Z info: Request URL: /api/users/signin | Request Body: {"emailId":"mafiaop312@gmail.com","password":"mayurmadankar"}
2024-10-12T17:45:52.205Z info: Request URL: /api/likes/670ab24340f95c2c0d0cf58e | Request Body: {}
2024-10-12T17:47:22.167Z info: Request URL: /api/likes/670ab24340f95c2c0d0cf58e | Request Body: {}
2024-10-12T17:51:35.424Z info: Request URL: /api/likes/670ab24340f95c2c0d0cf58e | Request Body: {}
2024-10-12T17:56:28.842Z info: Request URL: /api/likes/670ab24340f95c2c0d0cf58e | Request Body: {}
2024-10-12T18:00:28.854Z info: Request URL: /api/comments/670ab24340f95c2c0d0cf58e | Request Body: {"comment":"Nice pic,i love this"}
2024-10-12T18:03:10.768Z info: Request URL: /api/comments/66d9cc872d67246ace97dec2 | Request Body: {"comment":"Nice pic,i love this"}
2024-10-12T18:06:35.828Z info: Request URL: /api/users/signup | Request Body: {}
2024-10-12T18:07:30.817Z info: Request URL: /api/users/signin | Request Body: {"emailId":"abc@gmail.com","password":"mayurmadankar"}
